number,value,datetime_start,datetime_complete,duration,params_batch_size_seqs,params_max_lr_1d,params_max_lr_2d,params_warmup_ratio,params_weight_decay,state
0,4.772663497924805,2026-07-20 11:23:57.676332,2026-07-20 11:29:17.956462,0 days 00:05:20.280130,8,0.0048109142952665,0.008862471953971805,0.015227525095137952,0.06431879447396457,COMPLETE
1,4.294165802001953,2026-07-20 11:29:17.957596,2026-07-20 11:48:00.138988,0 days 00:18:42.181392,32,0.003342755972329143,0.014788383479324136,0.029110519961044856,0.21313738097609278,COMPLETE
2,4.478624801635743,2026-07-20 11:48:00.140598,2026-07-20 11:57:59.384446,0 days 00:09:59.243848,16,0.0021635910998286665,0.007250872350726882,0.06506676052501416,0.09407041084356922,COMPLETE
3,4.403055572509766,2026-07-20 11:57:59.385530,2026-07-20 12:16:09.355713,0 days 00:18:09.970183,32,0.002423026130640527,0.006938155013103789,0.05628109945722505,0.07392823207483915,COMPLETE
4,4.537312622070313,2026-07-20 12:16:09.357345,2026-07-20 12:21:33.353752,0 days 00:05:23.996407,8,0.0018759927993550096,0.011119851311600407,0.09690688297671035,0.23875481819573333,COMPLETE
5,4.348516464233398,2026-07-20 12:21:33.354803,2026-07-20 12:31:07.645359,0 days 00:09:34.290556,16,0.0024546967745507063,0.013924752610806392,0.054565921910014324,0.05684841166585134,COMPLETE
6,5.037775039672852,2026-07-20 12:31:07.647039,2026-07-20 12:35:33.956219,0 days 00:04:26.309180,16,0.0046079234284717606,0.0062187786428097224,0.059203925140895175,0.14441496465911838,PRUNED
7,5.072621536254883,2026-07-20 12:35:33.957401,2026-07-20 12:39:42.796124,0 days 00:04:08.838723,16,0.004906396281905668,0.007273785504901525,0.09296868115208053,0.16153799533843874,PRUNED
8,4.410093917846679,2026-07-20 12:39:42.796449,2026-07-20 12:57:35.578371,0 days 00:17:52.781922,32,0.0021921201081122874,0.006579247179511476,0.08458637582367365,0.0896967869902571,COMPLETE
9,4.331794815063477,2026-07-20 12:57:35.579624,2026-07-20 13:15:35.857685,0 days 00:18:00.278061,32,0.0023949021729280052,0.008699813630686618,0.09881982429404657,0.046401141609549584,COMPLETE
10,4.6430400848388675,2026-07-20 13:15:35.859689,2026-07-20 13:23:20.203906,0 days 00:07:44.344217,32,0.0034769709625071137,0.01647129374797656,0.011998225659741596,0.23524856260422647,PRUNED
11,4.669564056396484,2026-07-20 13:23:20.204993,2026-07-20 13:31:00.955723,0 days 00:07:40.750730,32,0.0031604557859370485,0.010262315065004534,0.030835168493801777,0.1860743117564342,PRUNED
12,4.629160308837891,2026-07-20 13:31:00.956659,2026-07-20 13:38:45.681674,0 days 00:07:44.725015,32,0.00319772556136971,0.012707130508131569,0.03578652280857157,0.1255583797864105,PRUNED
13,4.842094039916992,2026-07-20 13:38:45.683611,2026-07-20 13:46:28.227733,0 days 00:07:42.544122,32,0.0037699515459685556,0.00835817346121904,0.07586069602956406,0.034420096632785835,PRUNED
14,4.22162712097168,2026-07-20 13:46:28.230060,2026-07-20 14:04:19.392016,0 days 00:17:51.161956,32,0.0026093855480828526,0.016366600626405336,0.04128700874469246,0.19851153511492162,COMPLETE
15,4.231095161437988,2026-07-20 14:04:19.394039,2026-07-20 14:22:40.885725,0 days 00:18:21.491686,32,0.0027799354835461474,0.01690021250608009,0.04101452891775209,0.1947049560400778,COMPLETE
16,4.6556652069091795,2026-07-20 14:22:40.888401,2026-07-20 14:26:49.055110,0 days 00:04:08.166709,8,0.0027868404114920193,0.016988715903979903,0.044293225797576614,0.19362466713600562,PRUNED
17,4.252873191833496,2026-07-20 14:26:49.057182,2026-07-20 14:46:21.635088,0 days 00:19:32.577906,32,0.0027909137894169566,0.014759925775091727,0.0435932508903115,0.191650731795041,COMPLETE
18,4.7520263671875,2026-07-20 14:46:21.637775,2026-07-20 14:55:12.589413,0 days 00:08:50.951638,32,0.0040527738049488775,0.012319404105148847,0.02313858613513034,0.16350019135549396,PRUNED
19,4.696221542358399,2026-07-20 14:55:12.591359,2026-07-20 14:58:52.124931,0 days 00:03:39.533572,8,0.002835162662967221,0.015454717206358295,0.04163694923198907,0.21535581064808584,PRUNED
20,4.30165813446045,2026-07-20 14:58:52.125923,2026-07-20 15:18:15.465943,0 days 00:19:23.340020,32,0.0029713896485015047,0.013354578836074386,0.06947595637501595,0.1256931057990646,COMPLETE
21,4.239511299133301,2026-07-20 15:18:15.467684,2026-07-20 15:37:41.119104,0 days 00:19:25.651420,32,0.002657327582479399,0.015248403607668822,0.046202435832176404,0.18872339810039857,COMPLETE
22,4.236352653503418,2026-07-20 15:37:41.124813,2026-07-20 15:56:53.464721,0 days 00:19:12.339908,32,0.0026276432760431725,0.01572224627185289,0.0493295804270662,0.2096405730715413,COMPLETE
23,4.212453346252442,2026-07-20 15:56:53.466935,2026-07-20 16:16:23.352970,0 days 00:19:29.886035,32,0.002070931518049578,0.016566299328595296,0.051156354068646374,0.21316823532760082,COMPLETE
24,4.217097663879395,2026-07-20 16:16:23.355387,2026-07-20 16:35:29.693260,0 days 00:19:06.337873,32,0.0018362674055178887,0.016994282183598948,0.036139245922058645,0.17063898590486137,COMPLETE
25,4.248743667602539,2026-07-20 16:35:29.695479,2026-07-20 16:54:26.880122,0 days 00:18:57.184643,32,0.0018051792098023778,0.013468277810097774,0.019878172233613968,0.2476233714078775,COMPLETE
26,4.26996639251709,2026-07-20 16:54:26.881773,2026-07-20 17:15:06.166674,0 days 00:20:39.284901,32,0.002008340261495537,0.011655062042127526,0.03132191677899651,0.16577671155019696,COMPLETE
27,1000000000.0,2026-07-20 17:15:06.201410,2026-07-20 17:17:59.184984,0 days 00:02:52.983574,32,0.0020114446029179394,0.014679589094240518,0.05123532236565123,0.2228522711444408,COMPLETE
28,3.6918098449707033,2026-07-20 17:17:59.187731,2026-07-20 17:25:09.808042,0 days 00:07:10.620311,16,0.0021194150434588506,0.01593484194149356,0.06339883684967444,0.14478562222513575,PRUNED
29,4.499965667724609,2026-07-20 17:25:09.809716,2026-07-20 17:29:56.048171,0 days 00:04:46.238455,8,0.0019370375182257188,0.014103549757498406,0.03685421166984796,0.17387131535745698,PRUNED
30,4.613384628295899,2026-07-20 17:29:56.049221,2026-07-20 17:34:05.987633,0 days 00:04:09.938412,8,0.002273845903189915,0.012660828155336647,0.02318905929086391,0.14529010619685653,PRUNED
31,4.218010940551758,2026-07-20 17:34:05.990019,2026-07-20 17:54:11.181536,0 days 00:20:05.191517,32,0.0018200064163637327,0.016878579206574894,0.040330876866587935,0.20010023666151347,COMPLETE
32,4.216243324279785,2026-07-20 17:54:11.183639,2026-07-20 18:15:12.666205,0 days 00:21:01.482566,32,0.001863675934557143,0.016994638061305748,0.03705383856310247,0.20634690284674856,COMPLETE
33,4.218871231079102,2026-07-20 18:15:12.668075,2026-07-20 18:35:20.364146,0 days 00:20:07.696071,32,0.0018201662838241539,0.016955263000304643,0.03530112034290188,0.2257024122825432,COMPLETE
34,4.234687080383301,2026-07-20 18:35:20.367027,2026-07-20 18:54:48.331117,0 days 00:19:27.964090,32,0.002034409919334671,0.014587323290814856,0.025509516804909347,0.17638571594434807,COMPLETE
35,4.218084259033203,2026-07-20 18:54:48.334091,2026-07-20 19:13:50.809673,0 days 00:19:02.475582,32,0.001923331726634683,0.015576329032439088,0.04912341177599206,0.20671074541473664,COMPLETE
36,4.226866111755371,2026-07-20 19:13:50.811309,2026-07-20 19:33:10.431670,0 days 00:19:19.620361,32,0.0018040264047119168,0.015949519186054632,0.05686433588459641,0.2256266332893736,COMPLETE
37,4.456389236450195,2026-07-20 19:33:10.436052,2026-07-20 19:38:28.125809,0 days 00:05:17.689757,16,0.002102866084763186,0.013818041638238472,0.029889517120239333,0.20595124914994786,PRUNED
38,4.241482582092285,2026-07-20 19:38:28.126906,2026-07-20 19:57:44.589635,0 days 00:19:16.462729,32,0.002264828046500977,0.014907074366895872,0.017914723126623882,0.17790963088050543,COMPLETE
39,3.6761295318603517,2026-07-20 19:57:44.591462,2026-07-20 20:04:57.685363,0 days 00:07:13.093901,16,0.0019077735246157146,0.016058014531224706,0.06180479838712935,0.23720566712726887,PRUNED
40,3.572768783569336,2026-07-20 20:04:57.687485,2026-07-20 20:16:55.901668,0 days 00:11:58.214183,32,0.002364352955542055,0.014349633464408085,0.07151212062505226,0.15452776789393338,PRUNED
41,4.220035858154297,2026-07-20 20:16:55.903477,2026-07-20 20:35:51.402328,0 days 00:18:55.498851,32,0.001939802038984788,0.015361659705836644,0.051734155242634,0.2043613228462907,COMPLETE
42,4.219431762695312,2026-07-20 20:35:51.404120,2026-07-20 20:55:05.609799,0 days 00:19:14.205679,32,0.001891977905792781,0.01614924304810229,0.04773773602122632,0.21295887296217672,COMPLETE
43,4.230500984191894,2026-07-20 20:55:05.611074,2026-07-20 21:14:10.003411,0 days 00:19:04.392337,32,0.0021708820084389785,0.015218366916320234,0.03675946942745572,0.24787500729283485,COMPLETE
44,4.208360862731934,2026-07-20 21:14:10.004844,2026-07-20 21:33:30.724609,0 days 00:19:20.719765,32,0.002059103748722971,0.01679097202530312,0.056568028639239286,0.22048133587765095,COMPLETE
45,4.2084412765502925,2026-07-20 21:33:30.726407,2026-07-20 21:52:42.527434,0 days 00:19:11.801027,32,0.0020718219222696055,0.016955153926778006,0.05996952673855109,0.22328959963907172,COMPLETE
46,4.214323387145996,2026-07-20 21:52:42.528869,2026-07-20 22:11:58.444085,0 days 00:19:15.915216,32,0.0020598094860567484,0.016395922478703615,0.05501352741324443,0.2230799454047053,COMPLETE
47,4.694203186035156,2026-07-20 22:11:58.446044,2026-07-20 22:15:38.440213,0 days 00:03:39.994169,8,0.0022449593698859343,0.01024267136589857,0.05869879493775469,0.23150234042149145,PRUNED
48,4.490487289428711,2026-07-20 22:15:38.441108,2026-07-20 22:20:44.445727,0 days 00:05:06.004619,16,0.0024489758756205326,0.01330751116139096,0.06871123458832604,0.21509804412784064,PRUNED
49,4.217618179321289,2026-07-20 22:20:44.475628,2026-07-20 22:40:14.069853,0 days 00:19:29.594225,32,0.002055966168300564,0.016129700621206323,0.07539942018191446,0.2434220416399157,COMPLETE
50,4.381067276000977,2026-07-20 22:40:14.071524,2026-07-20 22:48:46.424288,0 days 00:08:32.352764,32,0.002172850567440027,0.014040034264071964,0.05458152318689173,0.2323512515926527,PRUNED
51,4.212842254638672,2026-07-20 22:48:46.425789,2026-07-20 23:08:08.060014,0 days 00:19:21.634225,32,0.0019777723607701976,0.016342178159639353,0.060722246426102876,0.2205460649706861,COMPLETE
52,4.212088775634766,2026-07-20 23:08:08.065410,2026-07-20 23:27:13.210982,0 days 00:19:05.145572,32,0.001979163997130924,0.01639831654462927,0.06604661213816496,0.2176188479067366,COMPLETE
53,4.352780151367187,2026-07-20 23:27:13.213234,2026-07-20 23:35:54.250956,0 days 00:08:41.037722,32,0.0023334030967855496,0.016324017747705196,0.06630724364034309,0.22228389656237724,PRUNED
54,4.364270401000977,2026-07-20 23:35:54.252817,2026-07-20 23:44:58.639191,0 days 00:09:04.386374,32,0.002519909222356705,0.015231764707101877,0.07613278382517599,0.2193431142914976,PRUNED
55,4.228918113708496,2026-07-20 23:44:58.640511,2026-07-21 00:03:39.027685,0 days 00:18:40.387174,32,0.00198587568053092,0.014838600291655697,0.06194162743184861,0.23738901021223383,COMPLETE
56,4.211448020935059,2026-07-21 00:03:39.030169,2026-07-21 00:22:51.149612,0 days 00:19:12.119443,32,0.002085847435108487,0.016494491652100037,0.05895255628701063,0.18203295067805605,COMPLETE
57,4.221741828918457,2026-07-21 00:22:51.173780,2026-07-21 00:41:49.491443,0 days 00:18:58.317663,32,0.0021014667769024536,0.015666132071984033,0.059165717510288374,0.18138103535382466,COMPLETE
58,4.320845413208008,2026-07-21 00:41:49.499117,2026-07-21 00:50:22.331827,0 days 00:08:32.832710,32,0.002207768817846991,0.0164341353289453,0.08431050175487959,0.18692747389769318,PRUNED
59,5.050447845458985,2026-07-21 00:50:22.333979,2026-07-21 00:53:30.827739,0 days 00:03:08.493760,8,0.00448250230523895,0.014419104147831834,0.07282965540382566,0.1978914010459746,PRUNED
60,4.580647277832031,2026-07-21 00:53:30.830290,2026-07-21 01:01:54.813389,0 days 00:08:23.983099,32,0.002324426128373195,0.007752599715793764,0.06561325293197674,0.2277264865615173,PRUNED
61,4.213751945495606,2026-07-21 01:01:54.814491,2026-07-21 01:20:42.759577,0 days 00:18:47.945086,32,0.0020924181764397872,0.016360830851370863,0.053591168603081094,0.2166752230211748,COMPLETE
62,4.218256988525391,2026-07-21 01:20:42.762377,2026-07-21 01:39:37.336084,0 days 00:18:54.573707,32,0.0019741045175839986,0.015614628192584435,0.05160532752262546,0.21403445647898295,COMPLETE
63,4.335476303100586,2026-07-21 01:39:37.337864,2026-07-21 01:47:57.753971,0 days 00:08:20.416107,32,0.002127791653569102,0.015114282701113148,0.0600172476352107,0.23856008197616446,PRUNED
64,4.211054000854492,2026-07-21 01:47:57.755393,2026-07-21 02:06:39.582048,0 days 00:18:41.826655,32,0.0020624930807709918,0.01635652481493498,0.05308545639972793,0.0718762531390835,COMPLETE
65,4.207301635742187,2026-07-21 02:06:39.585132,2026-07-21 02:25:27.927707,0 days 00:18:48.342575,32,0.0019988295435877114,0.016543493220488443,0.0672583918885467,0.0853088567231931,COMPLETE
66,4.32122688293457,2026-07-21 02:25:27.929369,2026-07-21 02:33:46.805599,0 days 00:08:18.876230,32,0.00216545693932357,0.015723221034845088,0.0656771358817768,0.055589069639744124,PRUNED
67,4.444786071777344,2026-07-21 02:33:46.807410,2026-07-21 02:38:34.261521,0 days 00:04:47.454111,16,0.002531639670915042,0.016968768424161094,0.08388617090706539,0.08127671234220692,PRUNED
68,4.344658660888672,2026-07-21 02:38:34.262357,2026-07-21 02:46:41.143400,0 days 00:08:06.881043,32,0.0020373152393481885,0.01364673184567126,0.0572102105893514,0.10314501777618695,PRUNED
69,4.226636619567871,2026-07-21 02:46:41.144460,2026-07-21 03:05:19.212172,0 days 00:18:38.067712,32,0.0018757397631650509,0.01477786084351869,0.07889519895610536,0.07071996319242199,COMPLETE
70,4.337028884887696,2026-07-21 03:05:19.213581,2026-07-21 03:13:56.595319,0 days 00:08:37.381738,32,0.0022422351501574446,0.01656246850154382,0.0686429377630648,0.0981477550261445,PRUNED
71,4.213914985656738,2026-07-21 03:13:56.596812,2026-07-21 03:32:48.532890,0 days 00:18:51.936078,32,0.0019766669556523547,0.01579909024840688,0.06407310186853954,0.11377006796642569,COMPLETE
72,4.204526290893555,2026-07-21 03:32:48.534897,2026-07-21 03:51:35.124845,0 days 00:18:46.589948,32,0.001971776286250368,0.016540865347855073,0.04474245911799449,0.04688652263821052,COMPLETE
73,4.205248565673828,2026-07-21 03:51:35.130107,2026-07-21 04:10:33.562389,0 days 00:18:58.432282,32,0.002056508776195945,0.016591387855814682,0.04559687827298929,0.03426109681452379,COMPLETE
74,4.21688217163086,2026-07-21 04:10:33.564179,2026-07-21 04:29:38.026715,0 days 00:19:04.462536,32,0.0019361409704454174,0.015264740286830083,0.046196705591460704,0.03465669175948553,COMPLETE
75,4.214173469543457,2026-07-21 04:29:38.032325,2026-07-21 04:48:37.940204,0 days 00:18:59.907879,32,0.0018589341906175485,0.01666473888049535,0.04452036704424199,0.0480950062553157,COMPLETE
76,4.927939605712891,2026-07-21 04:48:37.941954,2026-07-21 04:51:58.402850,0 days 00:03:20.460896,8,0.002294385593211033,0.006065884459677965,0.05674739794369192,0.040562739658420444,PRUNED
77,4.309033203125,2026-07-21 04:51:58.404325,2026-07-21 05:00:13.517848,0 days 00:08:15.113523,32,0.002126590229934432,0.015845997398715003,0.04766974143594721,0.05994203965372345,PRUNED
78,4.321870422363281,2026-07-21 05:00:13.521072,2026-07-21 05:08:32.471887,0 days 00:08:18.950815,32,0.002009379863839526,0.014329407971707496,0.052883422381275566,0.049780917640910916,PRUNED
79,4.3168071746826175,2026-07-21 05:08:32.473418,2026-07-21 05:17:01.744988,0 days 00:08:29.271570,32,0.0022100039022606953,0.016996348463553256,0.04003755680966644,0.08186480599161505,PRUNED
80,4.2203448867797855,2026-07-21 05:17:01.746412,2026-07-21 05:35:54.613962,0 days 00:18:52.867550,32,0.0017961744240221553,0.016090196584699977,0.06259100455120525,0.030442742779288854,COMPLETE
81,4.207363052368164,2026-07-21 05:35:54.615352,2026-07-21 05:55:01.151693,0 days 00:19:06.536341,32,0.002066337063465637,0.016590195919058644,0.05030287790675784,0.0632684453952213,COMPLETE
82,4.2152629089355464,2026-07-21 05:55:01.153611,2026-07-21 06:13:59.373873,0 days 00:18:58.220262,32,0.0019292846236028441,0.01547764964620191,0.04258468897351238,0.06677095137595321,COMPLETE
83,4.205695686340332,2026-07-21 06:13:59.376016,2026-07-21 06:33:08.097658,0 days 00:19:08.721642,32,0.002047794872421372,0.01644095424139337,0.05553515226336314,0.07707542983684088,COMPLETE
84,4.321485900878907,2026-07-21 06:33:08.100059,2026-07-21 06:41:43.142546,0 days 00:08:35.042487,32,0.0020567195810512738,0.014990442579405662,0.0492368864903817,0.07963019696577485,PRUNED
85,4.201056442260742,2026-07-21 06:41:43.148305,2026-07-21 07:00:39.425367,0 days 00:18:56.277062,32,0.0021611885508893976,0.016633539682063377,0.04566293023699579,0.0875071131187312,COMPLETE
86,4.399936676025391,2026-07-21 07:00:39.428828,2026-07-21 07:05:47.510047,0 days 00:05:08.081219,16,0.0021509372422550085,0.015914098913913866,0.04652447811254284,0.08896271039850044,PRUNED
87,4.314951324462891,2026-07-21 07:05:47.518195,2026-07-21 07:14:27.822252,0 days 00:08:40.304057,32,0.002380539245495882,0.016736847923605313,0.03925787343155339,0.07427327990588196,PRUNED
88,4.467004776000977,2026-07-21 07:14:27.825008,2026-07-21 07:22:48.818503,0 days 00:08:20.993495,32,0.001888716498856916,0.009425620208446282,0.043662760243703524,0.062448954652311324,PRUNED
89,4.295318984985352,2026-07-21 07:22:48.823731,2026-07-21 07:31:18.286277,0 days 00:08:29.462546,32,0.0020215746824353534,0.015459662452151473,0.050555061289525485,0.05310345811777271,PRUNED
90,4.498963165283203,2026-07-21 07:31:18.287733,2026-07-21 07:34:40.812224,0 days 00:03:22.524491,8,0.0022010344232735795,0.015884830046994335,0.05530316047772374,0.08946084555930434,PRUNED
91,4.205767478942871,2026-07-21 07:34:40.818450,2026-07-21 07:53:47.461033,0 days 00:19:06.642583,32,0.0020931589094262725,0.016655772919601672,0.052947585590220204,0.04004566292577954,COMPLETE
92,4.20534496307373,2026-07-21 07:53:47.464070,2026-07-21 08:12:57.561400,0 days 00:19:10.097330,32,0.0020605647495615218,0.01659243836616618,0.045045184202067004,0.0393751145960865,COMPLETE
93,4.200174102783203,2026-07-21 08:12:57.563595,2026-07-21 08:33:34.154652,0 days 00:20:36.591057,32,0.00214229565946544,0.01672963342916523,0.04528563864924644,0.040516569087273295,COMPLETE
94,4.3467048645019535,2026-07-21 08:33:34.155977,2026-07-21 08:43:44.887035,0 days 00:10:10.731058,32,0.0022622355448407502,0.01612520809015511,0.0324395618174633,0.0423428856096258,PRUNED
95,4.20164924621582,2026-07-21 08:43:44.888471,2026-07-21 09:04:15.035238,0 days 00:20:30.146767,32,0.0021397968242506124,0.016649085971261208,0.042008099268801946,0.04043756123199381,COMPLETE
96,4.202632751464844,2026-07-21 09:04:15.037566,2026-07-21 09:23:19.537184,0 days 00:19:04.499618,32,0.0021515414271229025,0.016656377470003144,0.03456361174520338,0.040486385076044504,COMPLETE
97,4.330352783203125,2026-07-21 09:23:19.539969,2026-07-21 09:31:48.950557,0 days 00:08:29.410588,32,0.00213876376507793,0.015084743998774443,0.03373869043586023,0.04094170514129779,PRUNED
98,4.326934814453125,2026-07-21 09:31:48.953674,2026-07-21 09:40:16.129364,0 days 00:08:27.175690,32,0.002191524669623882,0.016037318737939017,0.0281222063936575,0.03663084561098408,PRUNED
99,4.617671966552734,2026-07-21 09:40:16.131639,2026-07-21 09:48:45.971948,0 days 00:08:29.840309,32,0.003612999671057279,0.015516499710626911,0.03827894122090215,0.04534112003634081,PRUNED
100,4.51227912902832,2026-07-21 09:48:45.991250,2026-07-21 09:53:46.155096,0 days 00:05:00.163846,16,0.002434078890436515,0.014566598185032503,0.04483049799181754,0.05019910732161586,PRUNED
101,4.341587829589844,2026-07-21 09:53:46.157276,2026-07-21 10:02:10.209452,0 days 00:08:24.052176,32,0.0023150528444918716,0.0165561155171183,0.041334407350803334,0.03137957824997689,PRUNED
102,4.203432579040527,2026-07-21 10:02:10.211349,2026-07-21 10:21:08.463083,0 days 00:18:58.251734,32,0.001955636902546086,0.016653303665137863,0.04754744440759164,0.05788860533776438,COMPLETE
103,4.2097196197509765,2026-07-21 10:21:08.464770,2026-07-21 10:40:17.536168,0 days 00:19:09.071398,32,0.002013221164313521,0.016154310510839216,0.04758745335286939,0.03829923819727513,COMPLETE
104,4.201181869506836,2026-07-21 10:40:17.537811,2026-07-21 10:59:10.797721,0 days 00:18:53.259910,32,0.0019659446869167876,0.016996877371281277,0.034242005352912205,0.05662682537602655,COMPLETE
105,4.203242454528809,2026-07-21 10:59:10.800603,2026-07-21 11:18:30.543086,0 days 00:19:19.742483,32,0.0019523253066082045,0.016758225321669862,0.03514004995412148,0.0586421615190878,COMPLETE
106,4.599033355712891,2026-07-21 11:18:30.546390,2026-07-21 11:27:22.726130,0 days 00:08:52.179740,32,0.0018515054761309411,0.006476702630878707,0.03441855349980754,0.05833863964556121,PRUNED
